[     466ms] [LOG] JQMIGRATE: Migrate is installed, version 3.4.1 @ https://www.blaskaholm.com/wp-includes/js/jquery/jquery-migrate.min.js?ver=3.4.1:1
[    1066ms] Error: Invalid site key or not loaded in api.js: 6Lfwjp4pAAAAAKoLt-H8Gn2om0Sbiofud-i7JdCN
    at Array.<anonymous> (https://www.gstatic.com/recaptcha/releases/U5VsmTDhJM1iOJUyw4DEUTYv/recaptcha__en.js:422:447)
    at https://www.gstatic.com/recaptcha/releases/U5VsmTDhJM1iOJUyw4DEUTYv/recaptcha__en.js:634:203
    at o (https://www.blaskaholm.com/wp-content/plugins/contact-form-7/modules/recaptcha/index.js?ver=6.1.6:1:256)
    at https://www.blaskaholm.com/wp-content/plugins/contact-form-7/modules/recaptcha/index.js?ver=6.1.6:1:496
[    5519ms] [LOG] false  frmMicrosite @ https://webchat.birdeye.com/public/bubble.js:0
[    5519ms] [LOG] Event api called false @ https://webchat.birdeye.com/public/bubble.js:0
[    8729ms] [LOG] Item not found in localStorage for key: widgetInfo-undefined @ https://webchat.birdeye.com/public/chatWindow.js:1
[    8846ms] [LOG] Item not found in localStorage for key: widgetInfo-217932 @ https://webchat.birdeye.com/public/chatWindow.js:1
[    8846ms] [LOG] Prechat Flags From API: enablePrechatForm = 1 || prechatFormInsideBusinessHours = 1 || prechatFormOutsideBusinessHours = 1 @ https://webchat.birdeye.com/public/chatWindow.js:1
[    8846ms] [LOG] Prechat Flags From UI: enablePrechatForm = true || prechatFormInsideBusinessHours = true || prechatFormOutsideBusinessHours = true @ https://webchat.birdeye.com/public/chatWindow.js:1
[    8846ms] [LOG] ****** isAutoDetectRequired ******* false @ https://webchat.birdeye.com/public/chatWindow.js:1
[    8909ms] [LOG] ****** showPreChatForm ******* true @ https://webchat.birdeye.com/public/chatWindow.js:1
[    8909ms] [LOG] Item not found in localStorage for key: widgetInfo-217932 @ https://webchat.birdeye.com/public/chatWindow.js:1
[    8921ms] [LOG] 0 @ https://webchat.birdeye.com/public/chatWindow.js:1
[   12181ms] [WARNING] The resource https://d3cnqzq0ivprch.cloudfront.net/prod/css/images/email/Headset.svg was preloaded using link preload but not used within a few seconds from the window's load event. Please make sure it has an appropriate `as` value and it is preloaded intentionally. @ https://webchat.birdeye.com/getChatWindowContent?emailRequired=0&bNum=217932&mobileRequired=1&defaultCountryCode=0&apikey=52d661e5c9d989b1368f32af3cdd5190601ddd8b64447eec&widgetApiVersion=2&isMicroSite=false&activationStatus=false&isWidgetAlignLeft=false&mFullView=false&isPreview=0&widgetAgent=&draftSessionId=null:0
[   12181ms] [WARNING] The resource https://d3cnqzq0ivprch.cloudfront.net/prod/css/images/email/Send.svg was preloaded using link preload but not used within a few seconds from the window's load event. Please make sure it has an appropriate `as` value and it is preloaded intentionally. @ https://webchat.birdeye.com/getChatWindowContent?emailRequired=0&bNum=217932&mobileRequired=1&defaultCountryCode=0&apikey=52d661e5c9d989b1368f32af3cdd5190601ddd8b64447eec&widgetApiVersion=2&isMicroSite=false&activationStatus=false&isWidgetAlignLeft=false&mFullView=false&isPreview=0&widgetAgent=&draftSessionId=null:0
[   12181ms] [WARNING] The resource https://d3cnqzq0ivprch.cloudfront.net/prod/css/images/email/ThatHelped.svg was preloaded using link preload but not used within a few seconds from the window's load event. Please make sure it has an appropriate `as` value and it is preloaded intentionally. @ https://webchat.birdeye.com/getChatWindowContent?emailRequired=0&bNum=217932&mobileRequired=1&defaultCountryCode=0&apikey=52d661e5c9d989b1368f32af3cdd5190601ddd8b64447eec&widgetApiVersion=2&isMicroSite=false&activationStatus=false&isWidgetAlignLeft=false&mFullView=false&isPreview=0&widgetAgent=&draftSessionId=null:0
[   17837ms] [WARNING] The resource https://d3cnqzq0ivprch.cloudfront.net/prod/css/images/email/Headset.svg was preloaded using link preload but not used within a few seconds from the window's load event. Please make sure it has an appropriate `as` value and it is preloaded intentionally. @ https://webchat.birdeye.com/getChatWindowContent?emailRequired=0&bNum=217932&mobileRequired=1&defaultCountryCode=0&apikey=52d661e5c9d989b1368f32af3cdd5190601ddd8b64447eec&widgetApiVersion=2&isMicroSite=false&activationStatus=false&isWidgetAlignLeft=false&mFullView=false&isPreview=0&widgetAgent=&draftSessionId=null:0
[   17837ms] [WARNING] The resource https://d3cnqzq0ivprch.cloudfront.net/prod/css/images/email/Send.svg was preloaded using link preload but not used within a few seconds from the window's load event. Please make sure it has an appropriate `as` value and it is preloaded intentionally. @ https://webchat.birdeye.com/getChatWindowContent?emailRequired=0&bNum=217932&mobileRequired=1&defaultCountryCode=0&apikey=52d661e5c9d989b1368f32af3cdd5190601ddd8b64447eec&widgetApiVersion=2&isMicroSite=false&activationStatus=false&isWidgetAlignLeft=false&mFullView=false&isPreview=0&widgetAgent=&draftSessionId=null:0
[   17837ms] [WARNING] The resource https://d3cnqzq0ivprch.cloudfront.net/prod/css/images/email/ThatHelped.svg was preloaded using link preload but not used within a few seconds from the window's load event. Please make sure it has an appropriate `as` value and it is preloaded intentionally. @ https://webchat.birdeye.com/getChatWindowContent?emailRequired=0&bNum=217932&mobileRequired=1&defaultCountryCode=0&apikey=52d661e5c9d989b1368f32af3cdd5190601ddd8b64447eec&widgetApiVersion=2&isMicroSite=false&activationStatus=false&isWidgetAlignLeft=false&mFullView=false&isPreview=0&widgetAgent=&draftSessionId=null:0
