[     897ms] [ERROR] Failed to load resource: the server responded with a status of 404 () @ https://www.bizerlaw.com/route-home.chunk.fe4cb.esm.js:0
[     933ms] [ERROR] ChunkLoadError: Loading chunk 7 failed.
(error: https://www.bizerlaw.com/route-home.chunk.fe4cb.esm.js)
    at n.e (https://www.bizerlaw.com/bundle.c9447.esm.js:1:2186)
    at https://www.bizerlaw.com/bundle.c9447.esm.js:1:58854
    at n.componentWillMount (https://www.bizerlaw.com/bundle.c9447.esm.js:1:35467)
    at O (https://www.bizerlaw.com/bundle.c9447.esm.js:1:81247)
    at h (https://www.bizerlaw.com/bundle.c9447.esm.js:1:78507)
    at O (https://www.bizerlaw.com/bundle.c9447.esm.js:1:82119)
    at h (https://www.bizerlaw.com/bundle.c9447.esm.js:1:78507)
    at E (https://www.bizerlaw.com/bundle.c9447.esm.js:1:83509)
    at O (https://www.bizerlaw.com/bundle.c9447.esm.js:1:82290)
    at h (https://www.bizerlaw.com/bundle.c9447.esm.js:1:78507) @ https://www.bizerlaw.com/bundle.c9447.esm.js:0
[     934ms] ChunkLoadError: Loading chunk 7 failed.
(error: https://www.bizerlaw.com/route-home.chunk.fe4cb.esm.js)
    at n.e (https://www.bizerlaw.com/bundle.c9447.esm.js:1:2186)
    at https://www.bizerlaw.com/bundle.c9447.esm.js:1:58854
    at n.componentWillMount (https://www.bizerlaw.com/bundle.c9447.esm.js:1:35467)
    at O (https://www.bizerlaw.com/bundle.c9447.esm.js:1:81247)
    at h (https://www.bizerlaw.com/bundle.c9447.esm.js:1:78507)
    at O (https://www.bizerlaw.com/bundle.c9447.esm.js:1:82119)
    at h (https://www.bizerlaw.com/bundle.c9447.esm.js:1:78507)
    at E (https://www.bizerlaw.com/bundle.c9447.esm.js:1:83509)
    at O (https://www.bizerlaw.com/bundle.c9447.esm.js:1:82290)
    at h (https://www.bizerlaw.com/bundle.c9447.esm.js:1:78507)
