[     248ms] [ERROR] Failed to load resource: the server responded with a status of 403 () @ https://www.yjblaw.com/:0
[     406ms] [ERROR] Failed to load resource: the server responded with a status of 403 () @ https://www.yjblaw.com/favicon.ico:0
[     555ms] [ERROR] Failed to load resource: the server responded with a status of 403 () @ https://www.yjblaw.com/favicon.ico:0
[    1459ms] [WARNING] Failed to execute 'postMessage' on 'DOMWindow': The target origin provided ('https://challenges.cloudflare.com') does not match the recipient window's origin ('https://www.yjblaw.com'). @ https://challenges.cloudflare.com/turnstile/v0/b/883a1f27d85f/api.js?onload=rLIi5&render=explicit:0
[    2357ms] [WARNING] Failed to execute 'postMessage' on 'DOMWindow': The target origin provided ('https://challenges.cloudflare.com') does not match the recipient window's origin ('https://www.yjblaw.com'). @ https://challenges.cloudflare.com/turnstile/v0/b/883a1f27d85f/api.js?onload=rLIi5&render=explicit:0
[    3262ms] [WARNING] Failed to execute 'postMessage' on 'DOMWindow': The target origin provided ('https://challenges.cloudflare.com') does not match the recipient window's origin ('https://www.yjblaw.com'). @ https://challenges.cloudflare.com/turnstile/v0/b/883a1f27d85f/api.js?onload=rLIi5&render=explicit:0
[    4163ms] [WARNING] Failed to execute 'postMessage' on 'DOMWindow': The target origin provided ('https://challenges.cloudflare.com') does not match the recipient window's origin ('https://www.yjblaw.com'). @ https://challenges.cloudflare.com/turnstile/v0/b/883a1f27d85f/api.js?onload=rLIi5&render=explicit:0
[    5054ms] [WARNING] Failed to execute 'postMessage' on 'DOMWindow': The target origin provided ('https://challenges.cloudflare.com') does not match the recipient window's origin ('https://www.yjblaw.com'). @ https://challenges.cloudflare.com/turnstile/v0/b/883a1f27d85f/api.js?onload=rLIi5&render=explicit:0
[    9386ms] [ERROR] This document requires 'TrustedHTML' assignment. The action has been blocked. @ https://challenges.cloudflare.com/cdn-cgi/challenge-platform/h/b/turnstile/f/ov2/av0/rch/e7wf2/0x4AAAAAAAAjq6WYeRDKmebM/light/fbE/new/normal?lang=auto:0
[    9387ms] [ERROR] This document requires 'TrustedHTML' assignment. The action has been blocked. @ https://challenges.cloudflare.com/cdn-cgi/challenge-platform/h/b/turnstile/f/ov2/av0/rch/e7wf2/0x4AAAAAAAAjq6WYeRDKmebM/light/fbE/new/normal?lang=auto:0
[    9387ms] [ERROR] This document requires 'TrustedScript' assignment. The action has been blocked. @ https://challenges.cloudflare.com/cdn-cgi/challenge-platform/h/b/turnstile/f/ov2/av0/rch/e7wf2/0x4AAAAAAAAjq6WYeRDKmebM/light/fbE/new/normal?lang=auto:0
[    9387ms] [ERROR] This document requires 'TrustedScript' assignment. The action has been blocked. @ https://challenges.cloudflare.com/cdn-cgi/challenge-platform/h/b/turnstile/f/ov2/av0/rch/e7wf2/0x4AAAAAAAAjq6WYeRDKmebM/light/fbE/new/normal?lang=auto:0
[    9387ms] [ERROR] This document requires 'TrustedScriptURL' assignment. The action has been blocked. @ https://challenges.cloudflare.com/cdn-cgi/challenge-platform/h/b/turnstile/f/ov2/av0/rch/e7wf2/0x4AAAAAAAAjq6WYeRDKmebM/light/fbE/new/normal?lang=auto:0
[    9388ms] [ERROR] This document requires 'TrustedScriptURL' assignment. The action has been blocked. @ https://challenges.cloudflare.com/cdn-cgi/challenge-platform/h/b/turnstile/f/ov2/av0/rch/e7wf2/0x4AAAAAAAAjq6WYeRDKmebM/light/fbE/new/normal?lang=auto:0
[    9392ms] [ERROR] Executing inline script violates the following Content Security Policy directive 'script-src 'nonce-Pa04NsZBkvJB9jRtS22yE6' 'unsafe-eval''. Either the 'unsafe-inline' keyword, a hash ('sha256-eJGI0Ik4oYe/PKLDOt4wcN76wYs8h+Ew05pMzdY6xG8='), or a nonce ('nonce-...') is required to enable inline execution. The action has been blocked. @ about:srcdoc:0
[    9392ms] [ERROR] Executing inline script violates the following Content Security Policy directive 'script-src 'nonce-Pa04NsZBkvJB9jRtS22yE6' 'unsafe-eval''. Either the 'unsafe-inline' keyword, a hash ('sha256-eJGI0Ik4oYe/PKLDOt4wcN76wYs8h+Ew05pMzdY6xG8='), or a nonce ('nonce-...') is required to enable inline execution. The action has been blocked. @ about:srcdoc:0
[    9393ms] [ERROR] This document requires 'TrustedScript' assignment. The action has been blocked. @ https://challenges.cloudflare.com/cdn-cgi/challenge-platform/h/b/turnstile/f/ov2/av0/rch/e7wf2/0x4AAAAAAAAjq6WYeRDKmebM/light/fbE/new/normal?lang=auto:0
[    9393ms] [ERROR] This document requires 'TrustedScript' assignment. The action has been blocked. @ https://challenges.cloudflare.com/cdn-cgi/challenge-platform/h/b/turnstile/f/ov2/av0/rch/e7wf2/0x4AAAAAAAAjq6WYeRDKmebM/light/fbE/new/normal?lang=auto:0
[    9625ms] [LOG] The next request for the Private Access Token challenge may return a 401 and show a warning in console. @ https://challenges.cloudflare.com/cdn-cgi/challenge-platform/h/b/turnstile/f/ov2/av0/rch/e7wf2/0x4AAAAAAAAjq6WYeRDKmebM/light/fbE/new/normal?lang=auto:0
[    9656ms] [ERROR] Failed to load resource: the server responded with a status of 401 () @ https://challenges.cloudflare.com/cdn-cgi/challenge-platform/h/b/pat/9fcf810e0a10c961/1778988217064/f20c9b5193c8aaeb5de4bb1d59e2f339d674051316e34460a2e29e79858cfe9f/Mv2Ws6U7s2NHP1d:0
[    9770ms] [ERROR] Permissions policy violation: xr-spatial-tracking is not allowed in this document. @ https://challenges.cloudflare.com/cdn-cgi/challenge-platform/h/b/turnstile/f/ov2/av0/rch/e7wf2/0x4AAAAAAAAjq6WYeRDKmebM/light/fbE/new/normal?lang=auto:0
[    9770ms] [ERROR] Permissions policy violation: xr-spatial-tracking is not allowed in this document. @ https://challenges.cloudflare.com/cdn-cgi/challenge-platform/h/b/turnstile/f/ov2/av0/rch/e7wf2/0x4AAAAAAAAjq6WYeRDKmebM/light/fbE/new/normal?lang=auto:0
[   10268ms] [WARNING] Form submission canceled because the form is not connected @ https://challenges.cloudflare.com/cdn-cgi/challenge-platform/h/b/turnstile/f/ov2/av0/rch/e7wf2/0x4AAAAAAAAjq6WYeRDKmebM/light/fbE/new/normal?lang=auto:0
[   10288ms] [WARNING] Failed to parse audio contentType: audio/mp4; codecs=ac-3 @ https://challenges.cloudflare.com/cdn-cgi/challenge-platform/h/b/turnstile/f/ov2/av0/rch/e7wf2/0x4AAAAAAAAjq6WYeRDKmebM/light/fbE/new/normal?lang=auto:0
[   10288ms] [WARNING] Failed to parse audio contentType: audio/mp4; codecs=ec-3 @ https://challenges.cloudflare.com/cdn-cgi/challenge-platform/h/b/turnstile/f/ov2/av0/rch/e7wf2/0x4AAAAAAAAjq6WYeRDKmebM/light/fbE/new/normal?lang=auto:0
[   10290ms] [WARNING] Invalid (ambiguous) video codec string: video/webm; codecs=vp9 @ https://challenges.cloudflare.com/cdn-cgi/challenge-platform/h/b/turnstile/f/ov2/av0/rch/e7wf2/0x4AAAAAAAAjq6WYeRDKmebM/light/fbE/new/normal?lang=auto:0
[   10290ms] [WARNING] Failed to parse video contentType: video/ogg; codecs=theora @ https://challenges.cloudflare.com/cdn-cgi/challenge-platform/h/b/turnstile/f/ov2/av0/rch/e7wf2/0x4AAAAAAAAjq6WYeRDKmebM/light/fbE/new/normal?lang=auto:0
[   10886ms] [LOG] /.*.*=.*/ @ https://challenges.cloudflare.com/cdn-cgi/challenge-platform/h/b/turnstile/f/ov2/av0/rch/e7wf2/0x4AAAAAAAAjq6WYeRDKmebM/light/fbE/new/normal?lang=auto:0
[   10886ms] [LOG] /.*.*=.*/ @ https://challenges.cloudflare.com/cdn-cgi/challenge-platform/h/b/turnstile/f/ov2/av0/rch/e7wf2/0x4AAAAAAAAjq6WYeRDKmebM/light/fbE/new/normal?lang=auto:0
[   10886ms] [LOG] function () { [native code] } @ https://challenges.cloudflare.com/cdn-cgi/challenge-platform/h/b/turnstile/f/ov2/av0/rch/e7wf2/0x4AAAAAAAAjq6WYeRDKmebM/light/fbE/new/normal?lang=auto:0
[   10887ms] [LOG] function () { [native code] } @ https://challenges.cloudflare.com/cdn-cgi/challenge-platform/h/b/turnstile/f/ov2/av0/rch/e7wf2/0x4AAAAAAAAjq6WYeRDKmebM/light/fbE/new/normal?lang=auto:0
[   10887ms] [LOG] JSHandle@node @ https://challenges.cloudflare.com/cdn-cgi/challenge-platform/h/b/turnstile/f/ov2/av0/rch/e7wf2/0x4AAAAAAAAjq6WYeRDKmebM/light/fbE/new/normal?lang=auto:0
[   10887ms] [LOG] JSHandle@node @ https://challenges.cloudflare.com/cdn-cgi/challenge-platform/h/b/turnstile/f/ov2/av0/rch/e7wf2/0x4AAAAAAAAjq6WYeRDKmebM/light/fbE/new/normal?lang=auto:0
[   10887ms] [COUNT]  : 1 @ https://challenges.cloudflare.com/cdn-cgi/challenge-platform/h/b/turnstile/f/ov2/av0/rch/e7wf2/0x4AAAAAAAAjq6WYeRDKmebM/light/fbE/new/normal?lang=auto:0
[   10887ms] [COUNT]  : 1 @ https://challenges.cloudflare.com/cdn-cgi/challenge-platform/h/b/turnstile/f/ov2/av0/rch/e7wf2/0x4AAAAAAAAjq6WYeRDKmebM/light/fbE/new/normal?lang=auto:0
[   10888ms] [DIR]  Error @ https://challenges.cloudflare.com/cdn-cgi/challenge-platform/h/b/turnstile/f/ov2/av0/rch/e7wf2/0x4AAAAAAAAjq6WYeRDKmebM/light/fbE/new/normal?lang=auto:0
[   10888ms] [DIR]  Error @ https://challenges.cloudflare.com/cdn-cgi/challenge-platform/h/b/turnstile/f/ov2/av0/rch/e7wf2/0x4AAAAAAAAjq6WYeRDKmebM/light/fbE/new/normal?lang=auto:0
[   10888ms] [DIRXML] %c%d font-size:0;color:transparent Error @ https://challenges.cloudflare.com/cdn-cgi/challenge-platform/h/b/turnstile/f/ov2/av0/rch/e7wf2/0x4AAAAAAAAjq6WYeRDKmebM/light/fbE/new/normal?lang=auto:0
[   10888ms] [DIRXML] %c%d font-size:0;color:transparent Error @ https://challenges.cloudflare.com/cdn-cgi/challenge-platform/h/b/turnstile/f/ov2/av0/rch/e7wf2/0x4AAAAAAAAjq6WYeRDKmebM/light/fbE/new/normal?lang=auto:0
[   10889ms] [ERROR] %c%d font-size:0;color:transparent NaN @ https://challenges.cloudflare.com/cdn-cgi/challenge-platform/h/b/turnstile/f/ov2/av0/rch/e7wf2/0x4AAAAAAAAjq6WYeRDKmebM/light/fbE/new/normal?lang=auto:0
[   10889ms] [ERROR] %c%d font-size:0;color:transparent NaN @ https://challenges.cloudflare.com/cdn-cgi/challenge-platform/h/b/turnstile/f/ov2/av0/rch/e7wf2/0x4AAAAAAAAjq6WYeRDKmebM/light/fbE/new/normal?lang=auto:0
[   10889ms] [INFO] %c%d font-size:0;color:transparent NaN @ https://challenges.cloudflare.com/cdn-cgi/challenge-platform/h/b/turnstile/f/ov2/av0/rch/e7wf2/0x4AAAAAAAAjq6WYeRDKmebM/light/fbE/new/normal?lang=auto:0
[   10889ms] [INFO] %c%d font-size:0;color:transparent NaN @ https://challenges.cloudflare.com/cdn-cgi/challenge-platform/h/b/turnstile/f/ov2/av0/rch/e7wf2/0x4AAAAAAAAjq6WYeRDKmebM/light/fbE/new/normal?lang=auto:0
[   10890ms] [LOG] %c%d font-size:0;color:transparent NaN @ https://challenges.cloudflare.com/cdn-cgi/challenge-platform/h/b/turnstile/f/ov2/av0/rch/e7wf2/0x4AAAAAAAAjq6WYeRDKmebM/light/fbE/new/normal?lang=auto:0
[   10890ms] [LOG] %c%d font-size:0;color:transparent NaN @ https://challenges.cloudflare.com/cdn-cgi/challenge-platform/h/b/turnstile/f/ov2/av0/rch/e7wf2/0x4AAAAAAAAjq6WYeRDKmebM/light/fbE/new/normal?lang=auto:0
[   10890ms] [TABLE] %c%d font-size:0;color:transparent Error @ https://challenges.cloudflare.com/cdn-cgi/challenge-platform/h/b/turnstile/f/ov2/av0/rch/e7wf2/0x4AAAAAAAAjq6WYeRDKmebM/light/fbE/new/normal?lang=auto:0
[   10890ms] [TABLE] %c%d font-size:0;color:transparent Error @ https://challenges.cloudflare.com/cdn-cgi/challenge-platform/h/b/turnstile/f/ov2/av0/rch/e7wf2/0x4AAAAAAAAjq6WYeRDKmebM/light/fbE/new/normal?lang=auto:0
[   10891ms] [WARNING] %c%d font-size:0;color:transparent NaN @ https://challenges.cloudflare.com/cdn-cgi/challenge-platform/h/b/turnstile/f/ov2/av0/rch/e7wf2/0x4AAAAAAAAjq6WYeRDKmebM/light/fbE/new/normal?lang=auto:0
[   10891ms] [WARNING] %c%d font-size:0;color:transparent NaN @ https://challenges.cloudflare.com/cdn-cgi/challenge-platform/h/b/turnstile/f/ov2/av0/rch/e7wf2/0x4AAAAAAAAjq6WYeRDKmebM/light/fbE/new/normal?lang=auto:0
