[     601ms] [LOG] JQMIGRATE: Migrate is installed, version 3.4.1 @ https://www.pophamlaw.com/wp-includes/js/jquery/jquery-migrate.min.js?ver=3.4.1:1
[     966ms] Identifier 'SL_badge_boot' has already been declared
[     967ms] Identifier 'SL_badge_boot' has already been declared
[     967ms] Identifier 'SL_badge_boot' has already been declared
[     967ms] Identifier 'SL_badge_boot' has already been declared
[     967ms] Identifier 'SL_badge_boot' has already been declared
[     967ms] Identifier 'SL_badge_boot' has already been declared
[     980ms] Uncaught (in promise) Error: Bugherd: sidebar is missing apiKey
    at <anonymous> (https://cdn-ilejngl.nitrocdn.com/fEkIPSneUxYCepMgECutIYzZeXzVTgUt/assets/static/optimized/rev-e6a1e8c/www.bugherd.com/render-blocking-dd4adaa45826388f63db9ed84a067655.sidebarv2.js:0:18643)
    at <anonymous> (https://cdn-ilejngl.nitrocdn.com/fEkIPSneUxYCepMgECutIYzZeXzVTgUt/assets/static/optimized/rev-e6a1e8c/www.bugherd.com/render-blocking-dd4adaa45826388f63db9ed84a067655.sidebarv2.js:0:19104)
    at <anonymous> (https://cdn-ilejngl.nitrocdn.com/fEkIPSneUxYCepMgECutIYzZeXzVTgUt/assets/static/optimized/rev-e6a1e8c/www.bugherd.com/render-blocking-dd4adaa45826388f63db9ed84a067655.sidebarv2.js:0:19107)
    at <anonymous> (https://cdn-ilejngl.nitrocdn.com/fEkIPSneUxYCepMgECutIYzZeXzVTgUt/assets/static/optimized/rev-e6a1e8c/www.bugherd.com/render-blocking-dd4adaa45826388f63db9ed84a067655.sidebarv2.js:0:19110)
[    1553ms] [WARNING] Allow attribute will take precedence over 'allowfullscreen'. @ https://intaker.azureedge.net/widget/chat.min.js:0
[    2296ms] [LOG] PLSUB init called 17789890452796058 @ https://cdn-gl.imrworldwide.com/novms/js/2/nlsSDK600.bundle.min.js:5
[    2443ms] [LOG] DOM isReady:  1765 @ https://cdn.abcotvs.net/gma/04ece8f9b880-release-04-30-2026.0/client/gma/2719-ad7facff.js:0
[    7442ms] [ERROR] Error: script tag error: https://cdn.registerdisney.go.com/v4/OneID.js
    at _ (https://cdn.abcotvs.net/gma/04ece8f9b880-release-04-30-2026.0/client/gma/2719-ad7facff.js:1:58358)
    at https://cdn.abcotvs.net/gma/04ece8f9b880-release-04-30-2026.0/client/gma/2719-ad7facff.js:1:58495 @ https://cdn.abcotvs.net/gma/04ece8f9b880-release-04-30-2026.0/client/gma/2719-ad7facff.js:0
[   10329ms] [LOG] DOM isReady:  2 @ https://a.espncdn.com/players/web-player-bundle/5.5.15/espn-web-player-bundle.min.js:19
[   11854ms] [WARNING] Error during AdBlock detection TypeError: e is not a function
    at https://a.espncdn.com/players/web-player-bundle/5.5.15/espn-web-player-bundle.min.js:20:485470
    at async qw.detectAdBlock (https://a.espncdn.com/players/web-player-bundle/5.5.15/espn-web-player-bundle.min.js:20:485391)
    at async yC.initContent (https://a.espncdn.com/players/web-player-bundle/5.5.15/espn-web-player-bundle.min.js:20:658007)
    at async yC.load (https://a.espncdn.com/players/web-player-bundle/5.5.15/espn-web-player-bundle.min.js:20:656364) @ https://a.espncdn.com/players/web-player-bundle/5.5.15/espn-web-player-bundle.min.js:19
[   11932ms] [WARNING] VIDEOJS: WARN: player.dash is deprecated. Use player.tech().vhs instead. @ https://a.espncdn.com/players/web-player-bundle/5.5.15/dtci.video.min.js:18
[   11932ms] [WARNING] VIDEOJS: WARN: player.dash is deprecated. Use player.tech().vhs instead. @ https://a.espncdn.com/players/web-player-bundle/5.5.15/dtci.video.min.js:18
[   11933ms] [WARNING] VIDEOJS: WARN: player.dash is deprecated. Use player.tech().vhs instead. @ https://a.espncdn.com/players/web-player-bundle/5.5.15/dtci.video.min.js:18
[   11933ms] [WARNING] VIDEOJS: WARN: player.dash is deprecated. Use player.tech().vhs instead. @ https://a.espncdn.com/players/web-player-bundle/5.5.15/dtci.video.min.js:18
[   11933ms] [WARNING] VIDEOJS: WARN: player.dash is deprecated. Use player.tech().vhs instead. @ https://a.espncdn.com/players/web-player-bundle/5.5.15/dtci.video.min.js:18
[   11933ms] [WARNING] VIDEOJS: WARN: player.dash is deprecated. Use player.tech().vhs instead. @ https://a.espncdn.com/players/web-player-bundle/5.5.15/dtci.video.min.js:18
[   11933ms] [WARNING] VIDEOJS: WARN: player.dash is deprecated. Use player.tech().vhs instead. @ https://a.espncdn.com/players/web-player-bundle/5.5.15/dtci.video.min.js:18
[   11934ms] Uncaught (in promise) TypeError: Cannot read properties of undefined (reading 'call')
    at <anonymous> (https://a.espncdn.com/players/web-player-bundle/5.5.15/espn-web-player-bundle.min.js:5:27114)
    at <anonymous> (https://a.espncdn.com/players/web-player-bundle/5.5.15/espn-web-player-bundle.min.js:5:27100)
